<?xml version="1.0" encoding="UTF-8"?>
<!-- Generated by org.testng.reporters.JUnitReportReporter -->
<testsuite hostname="LAPTOP-K2CLGN36" failures="0" tests="1" name="practise.AppiumFramework.ecommerce_tc_1" time="123.644" errors="0" timestamp="2020-10-13T23:28:14 CEST" skipped="0">
  <testcase classname="practise.AppiumFramework.ecommerce_tc_1" name="testingEcommerce" time="123.644"/>
  <system-out/>
</testsuite> <!-- practise.AppiumFramework.ecommerce_tc_1 -->
